<?xml version="1.0" encoding="UTF-8"?>
<!-- Generated by org.testng.reporters.JUnitReportReporter -->
<testsuite hostname="DESKTOP-M1TCDHK" failures="0" tests="1" name="com.project.automation.putUser" time="2.633" errors="0" timestamp="2020-08-27T21:43:07 EDT" skipped="0">
  <testcase classname="com.project.automation.putUser" name="putUser" time="2.633"/>
  <system-out/>
</testsuite> <!-- com.project.automation.putUser -->
