<?xml version="1.0" encoding="UTF-8"?>
<!-- Generated by org.testng.reporters.JUnitReportReporter -->
<testsuite hostname="DESKTOP-M1TCDHK" failures="0" tests="1" name="com.project.automation.createUser" time="2.546" errors="0" timestamp="2020-08-27T21:33:53 EDT" skipped="0">
  <testcase classname="com.project.automation.createUser" name="createUser" time="2.546"/>
  <system-out/>
</testsuite> <!-- com.project.automation.createUser -->
