<?xml version="1.0" encoding="UTF-8"?>
<!-- Generated by org.testng.reporters.JUnitReportReporter -->
<testsuite hostname="DESKTOP-M1TCDHK" failures="0" tests="1" name="com.project.automation.deleteUser" time="2.429" errors="0" timestamp="2020-08-27T21:52:42 EDT" skipped="0">
  <testcase classname="com.project.automation.deleteUser" name="deleteUser" time="2.429"/>
  <system-out/>
</testsuite> <!-- com.project.automation.deleteUser -->
