<?xml version="1.0" encoding="UTF-8"?>
<!-- Generated by org.testng.reporters.JUnitReportReporter -->
<testsuite hostname="DESKTOP-M1TCDHK" failures="0" tests="1" name="com.project.automation.testGetUsers" time="2.260" errors="0" timestamp="2020-08-26T22:29:23 EDT" skipped="0">
  <testcase classname="com.project.automation.testGetUsers" name="test1" time="2.260"/>
  <system-out/>
</testsuite> <!-- com.project.automation.testGetUsers -->
